Resolving dependencies...
Downloading packages...
  _flutterfire_internals 1.3.59 (1.3.71 available)
  characters 1.4.0 (1.4.1 available)
  firebase_auth 5.7.0 (6.5.1 available)
  firebase_auth_platform_interface 7.7.3 (9.0.1 available)
  firebase_auth_web 5.15.3 (6.2.1 available)
  firebase_core 3.15.2 (4.9.0 available)
  firebase_core_platform_interface 6.0.3 (7.0.1 available)
  firebase_core_web 2.24.1 (3.7.0 available)
  firebase_database 11.3.10 (12.4.1 available)
  firebase_database_platform_interface 0.2.6+10 (0.4.0+1 available)
  firebase_database_web 0.2.6+16 (0.2.7+8 available)
  flutter_lints 4.0.0 (6.0.0 available)
  go_router 14.8.1 (17.2.3 available)
  hooks 1.0.2 (1.0.3 available)
  lints 4.0.0 (6.1.0 available)
  matcher 0.12.17 (0.12.20 available)
  material_color_utilities 0.11.1 (0.13.0 available)
  meta 1.17.0 (1.18.2 available)
  native_toolchain_c 0.17.6 (0.18.0 available)
  sqflite 2.4.2 (2.4.2+1 available)
  sqflite_common 2.5.6 (2.5.7 available)
  synchronized 3.4.0 (3.4.0+1 available)
  test_api 0.7.7 (0.7.12 available)
  vector_math 2.2.0 (2.3.0 available)
  vm_service 15.0.2 (15.2.0 available)
Got dependencies!
25 packages have newer versions incompatible with dependency constraints.
Try `flutter pub outdated` for more information.
Launching lib/main.dart on Web Server in debug mode...
Waiting for connection from debug service on Web Server...         35.1s
lib/main.dart is being served at http://localhost:3000
The web-server device requires the Dart Debug Chrome extension for debugging. Consider using the Chrome or Edge devices for an improved development workflow.

Flutter run key commands.
r Hot reload. 🔥🔥🔥
R Hot restart.
h List all available interactive commands.
d Detach (terminate "flutter run" but leave application running).
c Clear the screen
q Quit (terminate the application on the device).

Debug service listening on ws://127.0.0.1:44456/9Jl9pth9L8s=
A Dart VM Service on Web Server is available at: http://127.0.0.1:44456/9Jl9pth9L8s=
