[debug] [2026-05-14T16:31:30.082Z] ----------------------------------------------------------------------
[debug] [2026-05-14T16:31:30.085Z] Command:       /usr/bin/node-22 /usr/local/bin/firebase emulators:start --project demo-cowbnb
[debug] [2026-05-14T16:31:30.086Z] CLI Version:   15.6.0
[debug] [2026-05-14T16:31:30.086Z] Platform:      linux
[debug] [2026-05-14T16:31:30.086Z] Node Version:  v22.22.0
[debug] [2026-05-14T16:31:30.087Z] Time:          Thu May 14 2026 11:31:30 GMT-0500 (Colombia Standard Time)
[debug] [2026-05-14T16:31:30.087Z] ----------------------------------------------------------------------
[debug] 
[debug] [2026-05-14T16:31:32.301Z] > command requires scopes: ["email","openid","https://www.googleapis.com/auth/cloudplatformprojects.readonly","https://www.googleapis.com/auth/firebase","https://www.googleapis.com/auth/cloud-platform"]
[debug] [2026-05-14T16:31:32.302Z] > authorizing via signed-in user (juanbece2006@gmail.com)
[debug] [2026-05-14T16:31:32.339Z] openjdk version "25.0.2" 2026-01-20
OpenJDK Runtime Environment (Red_Hat-25.0.2.0.10-2) (build 25.0.2+10)

[debug] [2026-05-14T16:31:32.340Z] OpenJDK 64-Bit Server VM (Red_Hat-25.0.2.0.10-2) (build 25.0.2+10, mixed mode, sharing)

[debug] [2026-05-14T16:31:32.347Z] Parsed Java major version: 25
[info] i  emulators: Starting emulators: auth, functions, firestore, database, storage, extensions {"metadata":{"emulator":{"name":"hub"},"message":"Starting emulators: auth, functions, firestore, database, storage, extensions"}}
[info] i  emulators: Detected demo project ID "demo-cowbnb", emulated services will use a demo configuration and attempts to access non-emulated services for this project will fail. {"metadata":{"emulator":{"name":"hub"},"message":"Detected demo project ID \"demo-cowbnb\", emulated services will use a demo configuration and attempts to access non-emulated services for this project will fail."}}
[debug] [2026-05-14T16:31:32.361Z] [logging] Logging Emulator only supports listening on one address (127.0.0.1). Not listening on ::1
[debug] [2026-05-14T16:31:32.361Z] [auth] Authentication Emulator only supports listening on one address (127.0.0.1). Not listening on ::1
[debug] [2026-05-14T16:31:32.361Z] [firestore] Firestore Emulator only supports listening on one address (127.0.0.1). Not listening on ::1
[debug] [2026-05-14T16:31:32.361Z] [firestore.websocket] websocket server for firestore only supports listening on one address (127.0.0.1). Not listening on ::1
[debug] [2026-05-14T16:31:32.362Z] [database] Database Emulator only supports listening on one address (127.0.0.1). Not listening on ::1
[debug] [2026-05-14T16:31:32.362Z] [storage] Storage Emulator only supports listening on one address (127.0.0.1). Not listening on ::1
[debug] [2026-05-14T16:31:32.362Z] assigned listening specs for emulators {"user":{"hub":[{"address":"127.0.0.1","family":"IPv4","port":4400},{"address":"::1","family":"IPv6","port":4400}],"ui":[{"address":"127.0.0.1","family":"IPv4","port":4000},{"address":"::1","family":"IPv6","port":4000}],"logging":[{"address":"127.0.0.1","family":"IPv4","port":4500}],"auth":[{"address":"127.0.0.1","family":"IPv4","port":9099}],"firestore":[{"address":"127.0.0.1","family":"IPv4","port":8080}],"firestore.websocket":[{"address":"127.0.0.1","family":"IPv4","port":9150}],"database":[{"address":"127.0.0.1","family":"IPv4","port":9000}],"storage":[{"address":"127.0.0.1","family":"IPv4","port":9199}]},"metadata":{"message":"assigned listening specs for emulators"}}
[debug] [2026-05-14T16:31:32.371Z] Write emulator hub locator at /tmp/hub-demo-cowbnb.json
[debug] [2026-05-14T16:31:32.383Z] [Extensions] Started Extensions emulator, this is a noop.
[debug] [2026-05-14T16:31:32.385Z] [functions] Functions Emulator only supports listening on one address (127.0.0.1). Not listening on ::1
[debug] [2026-05-14T16:31:32.385Z] [eventarc] Eventarc Emulator only supports listening on one address (127.0.0.1). Not listening on ::1
[debug] [2026-05-14T16:31:32.385Z] [tasks] Cloud Tasks Emulator only supports listening on one address (127.0.0.1). Not listening on ::1
[debug] [2026-05-14T16:31:32.386Z] late-assigned ports for functions and eventarc emulators {"user":{"hub":[{"address":"127.0.0.1","family":"IPv4","port":4400},{"address":"::1","family":"IPv6","port":4400}],"ui":[{"address":"127.0.0.1","family":"IPv4","port":4000},{"address":"::1","family":"IPv6","port":4000}],"logging":[{"address":"127.0.0.1","family":"IPv4","port":4500}],"auth":[{"address":"127.0.0.1","family":"IPv4","port":9099}],"firestore":[{"address":"127.0.0.1","family":"IPv4","port":8080}],"firestore.websocket":[{"address":"127.0.0.1","family":"IPv4","port":9150}],"database":[{"address":"127.0.0.1","family":"IPv4","port":9000}],"storage":[{"address":"127.0.0.1","family":"IPv4","port":9199}],"functions":[{"address":"127.0.0.1","family":"IPv4","port":5001}],"eventarc":[{"address":"127.0.0.1","family":"IPv4","port":9299}],"tasks":[{"address":"127.0.0.1","family":"IPv4","port":9499}]},"metadata":{"message":"late-assigned ports for functions and eventarc emulators"}}
[debug] [2026-05-14T16:31:35.406Z] defaultcredentials: writing to file /home/josecoprolovespenguins/.config/firebase/juanbece2006_gmail_com_application_default_credentials.json
[debug] [2026-05-14T16:31:35.412Z] Setting GAC to /home/josecoprolovespenguins/.config/firebase/juanbece2006_gmail_com_application_default_credentials.json {"metadata":{"emulator":{"name":"functions"},"message":"Setting GAC to /home/josecoprolovespenguins/.config/firebase/juanbece2006_gmail_com_application_default_credentials.json"}}
[warn] ⚠  firestore: Cloud Firestore Emulator does not support multiple databases yet. {"metadata":{"emulator":{"name":"firestore"},"message":"Cloud Firestore Emulator does not support multiple databases yet."}}
[warn] ⚠  firestore: Did not find a Cloud Firestore rules file specified in a firebase.json config file. {"metadata":{"emulator":{"name":"firestore"},"message":"Did not find a Cloud Firestore rules file specified in a firebase.json config file."}}
[warn] ⚠  firestore: The emulator will default to allowing all reads and writes. Learn more about this option: https://firebase.google.com/docs/emulator-suite/install_and_configure#security_rules_configuration. {"metadata":{"emulator":{"name":"firestore"},"message":"The emulator will default to allowing all reads and writes. Learn more about this option: https://firebase.google.com/docs/emulator-suite/install_and_configure#security_rules_configuration."}}
[debug] [2026-05-14T16:31:35.434Z] Ignoring unsupported arg: auto_download {"metadata":{"emulator":{"name":"firestore"},"message":"Ignoring unsupported arg: auto_download"}}
[debug] [2026-05-14T16:31:35.434Z] Ignoring unsupported arg: single_project_mode_error {"metadata":{"emulator":{"name":"firestore"},"message":"Ignoring unsupported arg: single_project_mode_error"}}
[debug] [2026-05-14T16:31:35.434Z] Starting Firestore Emulator with command {"binary":"java","args":["-Dgoogle.cloud_firestore.debug_log_level=FINE","-Duser.language=en","-jar","/home/josecoprolovespenguins/.cache/firebase/emulators/cloud-firestore-emulator-v1.20.2.jar","--host","127.0.0.1","--port",8080,"--websocket_port",9150,"--project_id","demo-cowbnb","--single_project_mode",true,"--functions_emulator","127.0.0.1:5001"],"optionalArgs":["port","webchannel_port","host","rules","websocket_port","functions_emulator","seed_from_export","project_id","single_project_mode"],"joinArgs":false,"shell":false,"port":8080} {"metadata":{"emulator":{"name":"firestore"},"message":"Starting Firestore Emulator with command {\"binary\":\"java\",\"args\":[\"-Dgoogle.cloud_firestore.debug_log_level=FINE\",\"-Duser.language=en\",\"-jar\",\"/home/josecoprolovespenguins/.cache/firebase/emulators/cloud-firestore-emulator-v1.20.2.jar\",\"--host\",\"127.0.0.1\",\"--port\",8080,\"--websocket_port\",9150,\"--project_id\",\"demo-cowbnb\",\"--single_project_mode\",true,\"--functions_emulator\",\"127.0.0.1:5001\"],\"optionalArgs\":[\"port\",\"webchannel_port\",\"host\",\"rules\",\"websocket_port\",\"functions_emulator\",\"seed_from_export\",\"project_id\",\"single_project_mode\"],\"joinArgs\":false,\"shell\":false,\"port\":8080}"}}
[info] i  firestore: Firestore Emulator logging to firestore-debug.log {"metadata":{"emulator":{"name":"firestore"},"message":"Firestore Emulator logging to firestore-debug.log"}}
[debug] [2026-05-14T16:31:36.006Z] WARNING: A terminally deprecated method in sun.misc.Unsafe has been called
WARNING: sun.misc.Unsafe::allocateMemory has been called by io.netty.util.internal.PlatformDependent0$2 (file:/home/josecoprolovespenguins/.cache/firebase/emulators/cloud-firestore-emulator-v1.20.2.jar)
WARNING: Please consider reporting this to the maintainers of class io.netty.util.internal.PlatformDependent0$2
WARNING: sun.misc.Unsafe::allocateMemory will be removed in a future release
 {"metadata":{"emulator":{"name":"firestore"},"message":"WARNING: A terminally deprecated method in sun.misc.Unsafe has been called\nWARNING: sun.misc.Unsafe::allocateMemory has been called by io.netty.util.internal.PlatformDependent0$2 (file:/home/josecoprolovespenguins/.cache/firebase/emulators/cloud-firestore-emulator-v1.20.2.jar)\nWARNING: Please consider reporting this to the maintainers of class io.netty.util.internal.PlatformDependent0$2\nWARNING: sun.misc.Unsafe::allocateMemory will be removed in a future release\n"}}
[debug] [2026-05-14T16:31:36.466Z] WARNING: A restricted method in java.lang.System has been called
WARNING: java.lang.System::loadLibrary {"metadata":{"emulator":{"name":"firestore"},"message":"WARNING: A restricted method in java.lang.System has been called\nWARNING: java.lang.System::loadLibrary"}}
[debug] [2026-05-14T16:31:36.467Z]  has been called by io.netty.util.internal.NativeLibraryUtil in an unnamed module (file:/home/josecoprolovespenguins/.cache/firebase/emulators/cloud-firestore-emulator-v1.20.2.jar)
WARNING: Use --enable-native-access=ALL-UNNAMED to avoid a warning for callers in this module
WARNING: Restricted methods will be blocked in a future release unless native access is enabled

 {"metadata":{"emulator":{"name":"firestore"},"message":" has been called by io.netty.util.internal.NativeLibraryUtil in an unnamed module (file:/home/josecoprolovespenguins/.cache/firebase/emulators/cloud-firestore-emulator-v1.20.2.jar)\nWARNING: Use --enable-native-access=ALL-UNNAMED to avoid a warning for callers in this module\nWARNING: Restricted methods will be blocked in a future release unless native access is enabled\n\n"}}
[debug] [2026-05-14T16:31:37.271Z] May 14, 2026 11:31:37 AM com.google.cloud.datastore.emulator.firestore.websocket.WebSocketServer start
INFO: Started WebSocket server on ws://127.0.0.1:9150
 {"metadata":{"emulator":{"name":"firestore"},"message":"May 14, 2026 11:31:37 AM com.google.cloud.datastore.emulator.firestore.websocket.WebSocketServer start\nINFO: Started WebSocket server on ws://127.0.0.1:9150\n"}}
[debug] [2026-05-14T16:31:37.308Z] API endpoint: http://127.0.0.1:8080 {"metadata":{"emulator":{"name":"firestore"},"message":"API endpoint: http://127.0.0.1:8080"}}
[debug] [2026-05-14T16:31:37.308Z] 
If you are using a library that supports the FIRESTORE_EMULATOR_HOST environment variable, run:

   export FIRESTORE_EMULATOR_HOST=127.0.0.1:8080

If you are running a Firestore in Datastore Mode project, run:

   export DATASTORE_EMULATOR_HOST=127.0.0.1:8080

Note: Support for Datastore Mode is in preview. If you encounter any bugs please file at https://github.com/firebase/firebase-tools/issues.
Dev App Server is now running.

 {"metadata":{"emulator":{"name":"firestore"},"message":"\nIf you are using a library that supports the FIRESTORE_EMULATOR_HOST environment variable, run:\n\n   export FIRESTORE_EMULATOR_HOST=127.0.0.1:8080\n\nIf you are running a Firestore in Datastore Mode project, run:\n\n   export DATASTORE_EMULATOR_HOST=127.0.0.1:8080\n\nNote: Support for Datastore Mode is in preview. If you encounter any bugs please file at https://github.com/firebase/firebase-tools/issues.\nDev App Server is now running.\n\n"}}
[info] ✔  firestore: Firestore Emulator UI websocket is running on 9150. {"metadata":{"emulator":{"name":"firestore"},"message":"Firestore Emulator UI websocket is running on 9150."}}
[debug] [2026-05-14T16:31:37.457Z] Checked if tokens are valid: true, expires at: 1778779661257
[debug] [2026-05-14T16:31:37.457Z] Checked if tokens are valid: true, expires at: 1778779661257
[debug] [2026-05-14T16:31:37.459Z] >>> [apiv2][query] GET https://firebase.googleapis.com/v1beta1/projects/demo-cowbnb [none]
[debug] [2026-05-14T16:31:37.947Z] <<< [apiv2][status] GET https://firebase.googleapis.com/v1beta1/projects/demo-cowbnb 403
[debug] [2026-05-14T16:31:37.948Z] <<< [apiv2][body] GET https://firebase.googleapis.com/v1beta1/projects/demo-cowbnb {"error":{"code":403,"message":"The caller does not have permission","status":"PERMISSION_DENIED"}}
[debug] [2026-05-14T16:31:37.948Z] Request to https://firebase.googleapis.com/v1beta1/projects/demo-cowbnb had HTTP Error: 403, The caller does not have permission
[debug] [2026-05-14T16:31:37.949Z] Failed to retrieve default database instance: {"name":"FirebaseError","children":[],"exit":2,"message":"Failed to get Firebase project demo-cowbnb. Please make sure the project exists and your account has permission to access it.","original":{"name":"FirebaseError","children":[],"context":{"body":{"error":{"code":403,"message":"The caller does not have permission","status":"PERMISSION_DENIED"}},"response":{"statusCode":403}},"exit":1,"message":"Request to https://firebase.googleapis.com/v1beta1/projects/demo-cowbnb had HTTP Error: 403, The caller does not have permission","status":403},"status":500} {"metadata":{"emulator":{"name":"database"},"message":"Failed to retrieve default database instance: {\"name\":\"FirebaseError\",\"children\":[],\"exit\":2,\"message\":\"Failed to get Firebase project demo-cowbnb. Please make sure the project exists and your account has permission to access it.\",\"original\":{\"name\":\"FirebaseError\",\"children\":[],\"context\":{\"body\":{\"error\":{\"code\":403,\"message\":\"The caller does not have permission\",\"status\":\"PERMISSION_DENIED\"}},\"response\":{\"statusCode\":403}},\"exit\":1,\"message\":\"Request to https://firebase.googleapis.com/v1beta1/projects/demo-cowbnb had HTTP Error: 403, The caller does not have permission\",\"status\":403},\"status\":500}"}}
[debug] [2026-05-14T16:31:37.949Z] database rules config:  []
[warn] ⚠  database: Did not find a Realtime Database rules file specified in a firebase.json config file. The emulator will default to allowing all reads and writes. Learn more about this option: https://firebase.google.com/docs/emulator-suite/install_and_configure#security_rules_configuration. {"metadata":{"emulator":{"name":"database"},"message":"Did not find a Realtime Database rules file specified in a firebase.json config file. The emulator will default to allowing all reads and writes. Learn more about this option: https://firebase.google.com/docs/emulator-suite/install_and_configure#security_rules_configuration."}}
[debug] [2026-05-14T16:31:37.951Z] Ignoring unsupported arg: projectId {"metadata":{"emulator":{"name":"database"},"message":"Ignoring unsupported arg: projectId"}}
[debug] [2026-05-14T16:31:37.951Z] Ignoring unsupported arg: auto_download {"metadata":{"emulator":{"name":"database"},"message":"Ignoring unsupported arg: auto_download"}}
[debug] [2026-05-14T16:31:37.951Z] Ignoring unsupported arg: rules {"metadata":{"emulator":{"name":"database"},"message":"Ignoring unsupported arg: rules"}}
[debug] [2026-05-14T16:31:37.951Z] Starting Database Emulator with command {"binary":"java","args":["-Duser.language=en","-jar","/home/josecoprolovespenguins/.cache/firebase/emulators/firebase-database-emulator-v4.11.2.jar","--host","127.0.0.1","--port",9000,"--single_project_mode","Warning","--functions_emulator_host","127.0.0.1","--functions_emulator_port",5001],"optionalArgs":["port","host","functions_emulator_port","functions_emulator_host","single_project_mode"],"joinArgs":false,"shell":false,"port":9000} {"metadata":{"emulator":{"name":"database"},"message":"Starting Database Emulator with command {\"binary\":\"java\",\"args\":[\"-Duser.language=en\",\"-jar\",\"/home/josecoprolovespenguins/.cache/firebase/emulators/firebase-database-emulator-v4.11.2.jar\",\"--host\",\"127.0.0.1\",\"--port\",9000,\"--single_project_mode\",\"Warning\",\"--functions_emulator_host\",\"127.0.0.1\",\"--functions_emulator_port\",5001],\"optionalArgs\":[\"port\",\"host\",\"functions_emulator_port\",\"functions_emulator_host\",\"single_project_mode\"],\"joinArgs\":false,\"shell\":false,\"port\":9000}"}}
[info] i  database: Database Emulator logging to database-debug.log {"metadata":{"emulator":{"name":"database"},"message":"Database Emulator logging to database-debug.log"}}
[debug] [2026-05-14T16:31:38.641Z] WARNING: A restricted method in  {"metadata":{"emulator":{"name":"database"},"message":"WARNING: A restricted method in "}}
[debug] [2026-05-14T16:31:38.641Z] java.lang.System has been called
WARNING: java.lang.System::load has been called by io.netty.util.internal.NativeLibraryUtil in an unnamed module (file:/home/josecoprolovespenguins/.cache/firebase/emulators/firebase-database-emulator-v4.11.2.jar)
WARNING: Use --enable-native-access=ALL-UNNAMED to avoid a warning for callers in this module
WARNING: Restricted methods will be blocked in a future release unless native access is enabled

 {"metadata":{"emulator":{"name":"database"},"message":"java.lang.System has been called\nWARNING: java.lang.System::load has been called by io.netty.util.internal.NativeLibraryUtil in an unnamed module (file:/home/josecoprolovespenguins/.cache/firebase/emulators/firebase-database-emulator-v4.11.2.jar)\nWARNING: Use --enable-native-access=ALL-UNNAMED to avoid a warning for callers in this module\nWARNING: Restricted methods will be blocked in a future release unless native access is enabled\n\n"}}
[debug] [2026-05-14T16:31:39.307Z] WARNING: A terminally deprecated method in sun.misc.Unsafe has been called
WARNING: sun.misc.Unsafe::objectFieldOffset has been called by akka.util.Unsafe (file:/home/josecoprolovespenguins/.cache/firebase/emulators/firebase-database-emulator-v4.11.2.jar)
WARNING: Please consider reporting this to the maintainers of class akka.util.Unsafe
WARNING: sun.misc.Unsafe::objectFieldOffset will be removed in a future release
 {"metadata":{"emulator":{"name":"database"},"message":"WARNING: A terminally deprecated method in sun.misc.Unsafe has been called\nWARNING: sun.misc.Unsafe::objectFieldOffset has been called by akka.util.Unsafe (file:/home/josecoprolovespenguins/.cache/firebase/emulators/firebase-database-emulator-v4.11.2.jar)\nWARNING: Please consider reporting this to the maintainers of class akka.util.Unsafe\nWARNING: sun.misc.Unsafe::objectFieldOffset will be removed in a future release\n"}}
[debug] [2026-05-14T16:31:39.500Z] 11:31:39.498 [NamespaceSystem-akka.actor.default-dispatcher-5] INFO akka.event.slf4j.Slf4jLogger - Slf4jLogger started
 {"metadata":{"emulator":{"name":"database"},"message":"11:31:39.498 [NamespaceSystem-akka.actor.default-dispatcher-5] INFO akka.event.slf4j.Slf4jLogger - Slf4jLogger started\n"}}
[debug] [2026-05-14T16:31:39.742Z] 11:31:39.742 [main] INFO com.firebase.server.forge.App$ - Listening at 127.0.0.1:9000
 {"metadata":{"emulator":{"name":"database"},"message":"11:31:39.742 [main] INFO com.firebase.server.forge.App$ - Listening at 127.0.0.1:9000\n"}}
[debug] [2026-05-14T16:31:49.723Z] Ignoring unsupported arg: port {"metadata":{"emulator":{"name":"storage"},"message":"Ignoring unsupported arg: port"}}
[warn] ⚠  Unexpected rules runtime error: WARNING: A terminally deprecated method in sun.misc.Unsafe has been called
WARNING: sun.misc.Unsafe::arrayBaseOffset has been called by com.google.protobuf.UnsafeUtil$MemoryAccessor (file:/home/josecoprolovespenguins/.cache/firebase/emulators/cloud-storage-rules-runtime-v1.1.3.jar)
WARNING: Please consider reporting this to the maintainers of class com.google.protobuf.UnsafeUtil$MemoryAccessor
WARNING: sun.misc.Unsafe::arrayBaseOffset will be removed in a future release
 {"metadata":{"emulator":{"name":"storage"},"message":"Unexpected rules runtime error: WARNING: A terminally deprecated method in sun.misc.Unsafe has been called\nWARNING: sun.misc.Unsafe::arrayBaseOffset has been called by com.google.protobuf.UnsafeUtil$MemoryAccessor (file:/home/josecoprolovespenguins/.cache/firebase/emulators/cloud-storage-rules-runtime-v1.1.3.jar)\nWARNING: Please consider reporting this to the maintainers of class com.google.protobuf.UnsafeUtil$MemoryAccessor\nWARNING: sun.misc.Unsafe::arrayBaseOffset will be removed in a future release\n"}}
[debug] [2026-05-14T16:31:50.915Z] Temp file directory for storage emulator: /tmp/firebase/storage/blobs {"metadata":{"emulator":{"name":"storage"},"message":"Temp file directory for storage emulator: /tmp/firebase/storage/blobs"}}
[debug] [2026-05-14T16:31:50.929Z] [Extensions] Connecting Extensions emulator, this is a noop.
[info] i  functions: Watching "/home/josecoprolovespenguins/Projects/CowBnB/functions" for Cloud Functions... {"metadata":{"emulator":{"name":"functions"},"message":"Watching \"/home/josecoprolovespenguins/Projects/CowBnB/functions\" for Cloud Functions..."}}
[debug] [2026-05-14T16:31:50.934Z] Validating nodejs source
[debug] [2026-05-14T16:31:52.030Z] > [functions] package.json contents: {
  "name": "cowbnb-functions",
  "private": true,
  "main": "lib/index.js",
  "engines": {
    "node": "20"
  },
  "scripts": {
    "build": "tsc",
    "build:watch": "tsc -w",
    "serve": "npx -y firebase-tools@latest emulators:start --only functions",
    "deploy": "npx -y firebase-tools@latest deploy --only functions"
  },
  "dependencies": {
    "@google-cloud/storage": "^7.19.0",
    "firebase-admin": "^12.7.0",
    "firebase-functions": "^7.2.5",
    "hono": "^4.4.8",
    "uuid": "^14.0.0"
  },
  "devDependencies": {
    "@types/node": "^20.14.10",
    "@types/uuid": "^10.0.0",
    "typescript": "^5.5.4"
  }
}
[error] ⬢  functions: Failed to load function definition from source: FirebaseError: There was an error reading functions/package.json:

 functions/lib/index.js does not exist, can't deploy Cloud Functions {"metadata":{"emulator":{"name":"functions"},"message":"Failed to load function definition from source: FirebaseError: There was an error reading functions/package.json:\n\n functions/lib/index.js does not exist, can't deploy Cloud Functions"}}
[debug] [2026-05-14T16:31:52.043Z] Could not find VSCode notification endpoint: FetchError: request to http://localhost:40001/vscode/notify failed, reason: . If you are not running the Firebase Data Connect VSCode extension, this is expected and not an issue.
[info] 
┌─────────────────────────────────────────────────────────────┐
│ ✔  All emulators ready! It is now safe to connect your app. │
│ i  View Emulator UI at http://127.0.0.1:4000/               │
└─────────────────────────────────────────────────────────────┘

┌────────────────┬────────────────┬──────────────────────────────────┐
│ Emulator       │ Host:Port      │ View in Emulator UI              │
├────────────────┼────────────────┼──────────────────────────────────┤
│ Authentication │ 127.0.0.1:9099 │ http://127.0.0.1:4000/auth       │
├────────────────┼────────────────┼──────────────────────────────────┤
│ Functions      │ 127.0.0.1:5001 │ http://127.0.0.1:4000/functions  │
├────────────────┼────────────────┼──────────────────────────────────┤
│ Firestore      │ 127.0.0.1:8080 │ http://127.0.0.1:4000/firestore  │
├────────────────┼────────────────┼──────────────────────────────────┤
│ Database       │ 127.0.0.1:9000 │ http://127.0.0.1:4000/database   │
├────────────────┼────────────────┼──────────────────────────────────┤
│ Storage        │ 127.0.0.1:9199 │ http://127.0.0.1:4000/storage    │
├────────────────┼────────────────┼──────────────────────────────────┤
│ Extensions     │ 127.0.0.1:5001 │ http://127.0.0.1:4000/extensions │
└────────────────┴────────────────┴──────────────────────────────────┘
  Emulator Hub host: 127.0.0.1 port: 4400
  Other reserved ports: 4500, 9150
┌─────────────────────────┬───────────────┬─────────────────────┐
│ Extension Instance Name │ Extension Ref │ View in Emulator UI │
└─────────────────────────┴───────────────┴─────────────────────┘
Issues? Report them at https://github.com/firebase/firebase-tools/issues and attach the *-debug.log files.
 
[debug] [2026-05-14T16:31:56.368Z] 11:31:56.368 [NamespaceSystem-akka.actor.default-dispatcher-5] INFO com.firebase.core.namespace.NamespaceActor - fake-server successfully activated FBKV (SurveyIdle(0)) wait: 211ms, init: 0ms
 {"metadata":{"emulator":{"name":"database"},"message":"11:31:56.368 [NamespaceSystem-akka.actor.default-dispatcher-5] INFO com.firebase.core.namespace.NamespaceActor - fake-server successfully activated FBKV (SurveyIdle(0)) wait: 211ms, init: 0ms\n"}}
[debug] [2026-05-14T16:43:01.457Z] File /home/josecoprolovespenguins/Projects/CowBnB/functions/src/app.ts changed, reloading triggers {"metadata":{"emulator":{"name":"functions"},"message":"File /home/josecoprolovespenguins/Projects/CowBnB/functions/src/app.ts changed, reloading triggers"}}
[debug] [2026-05-14T16:43:01.470Z] File /home/josecoprolovespenguins/Projects/CowBnB/functions/src/modules/auth_module/auth_repository.ts changed, reloading triggers {"metadata":{"emulator":{"name":"functions"},"message":"File /home/josecoprolovespenguins/Projects/CowBnB/functions/src/modules/auth_module/auth_repository.ts changed, reloading triggers"}}
[debug] [2026-05-14T16:43:01.471Z] File /home/josecoprolovespenguins/Projects/CowBnB/functions/src/modules/auth_module/auth_types.ts changed, reloading triggers {"metadata":{"emulator":{"name":"functions"},"message":"File /home/josecoprolovespenguins/Projects/CowBnB/functions/src/modules/auth_module/auth_types.ts changed, reloading triggers"}}
[debug] [2026-05-14T16:43:01.472Z] File /home/josecoprolovespenguins/Projects/CowBnB/functions/src/modules/listing_module/listing_repository.ts changed, reloading triggers {"metadata":{"emulator":{"name":"functions"},"message":"File /home/josecoprolovespenguins/Projects/CowBnB/functions/src/modules/listing_module/listing_repository.ts changed, reloading triggers"}}
[debug] [2026-05-14T16:43:01.472Z] File /home/josecoprolovespenguins/Projects/CowBnB/functions/src/modules/listing_module/listing_routes.ts changed, reloading triggers {"metadata":{"emulator":{"name":"functions"},"message":"File /home/josecoprolovespenguins/Projects/CowBnB/functions/src/modules/listing_module/listing_routes.ts changed, reloading triggers"}}
[debug] [2026-05-14T16:43:01.472Z] File /home/josecoprolovespenguins/Projects/CowBnB/functions/src/modules/listing_module/listing_service.ts changed, reloading triggers {"metadata":{"emulator":{"name":"functions"},"message":"File /home/josecoprolovespenguins/Projects/CowBnB/functions/src/modules/listing_module/listing_service.ts changed, reloading triggers"}}
[debug] [2026-05-14T16:43:01.472Z] File /home/josecoprolovespenguins/Projects/CowBnB/functions/src/modules/listing_module/listing_types.ts changed, reloading triggers {"metadata":{"emulator":{"name":"functions"},"message":"File /home/josecoprolovespenguins/Projects/CowBnB/functions/src/modules/listing_module/listing_types.ts changed, reloading triggers"}}
[debug] [2026-05-14T16:43:02.475Z] Validating nodejs source
[debug] [2026-05-14T16:43:03.652Z] > [functions] package.json contents: {
  "name": "cowbnb-functions",
  "private": true,
  "main": "lib/index.js",
  "engines": {
    "node": "20"
  },
  "scripts": {
    "build": "tsc",
    "build:watch": "tsc -w",
    "serve": "npx -y firebase-tools@latest emulators:start --only functions",
    "deploy": "npx -y firebase-tools@latest deploy --only functions"
  },
  "dependencies": {
    "@google-cloud/storage": "^7.19.0",
    "firebase-admin": "^12.7.0",
    "firebase-functions": "^7.2.5",
    "hono": "^4.4.8",
    "uuid": "^14.0.0"
  },
  "devDependencies": {
    "@types/node": "^20.14.10",
    "@types/uuid": "^10.0.0",
    "typescript": "^5.5.4"
  }
}
[error] ⬢  functions: Failed to load function definition from source: FirebaseError: There was an error reading functions/package.json:

 functions/lib/index.js does not exist, can't deploy Cloud Functions {"metadata":{"emulator":{"name":"functions"},"message":"Failed to load function definition from source: FirebaseError: There was an error reading functions/package.json:\n\n functions/lib/index.js does not exist, can't deploy Cloud Functions"}}
[debug] [2026-05-14T16:47:33.213Z] File /home/josecoprolovespenguins/Projects/CowBnB/functions/src/modules/auth_module/auth_types.ts changed, reloading triggers {"metadata":{"emulator":{"name":"functions"},"message":"File /home/josecoprolovespenguins/Projects/CowBnB/functions/src/modules/auth_module/auth_types.ts changed, reloading triggers"}}
[debug] [2026-05-14T16:47:34.229Z] Validating nodejs source
[debug] [2026-05-14T16:47:35.521Z] > [functions] package.json contents: {
  "name": "cowbnb-functions",
  "private": true,
  "main": "lib/index.js",
  "engines": {
    "node": "20"
  },
  "scripts": {
    "build": "tsc",
    "build:watch": "tsc -w",
    "serve": "npx -y firebase-tools@latest emulators:start --only functions",
    "deploy": "npx -y firebase-tools@latest deploy --only functions"
  },
  "dependencies": {
    "@google-cloud/storage": "^7.19.0",
    "firebase-admin": "^12.7.0",
    "firebase-functions": "^7.2.5",
    "hono": "^4.4.8",
    "uuid": "^14.0.0"
  },
  "devDependencies": {
    "@types/node": "^20.14.10",
    "@types/uuid": "^10.0.0",
    "typescript": "^5.5.4"
  }
}
[error] ⬢  functions: Failed to load function definition from source: FirebaseError: There was an error reading functions/package.json:

 functions/lib/index.js does not exist, can't deploy Cloud Functions {"metadata":{"emulator":{"name":"functions"},"message":"Failed to load function definition from source: FirebaseError: There was an error reading functions/package.json:\n\n functions/lib/index.js does not exist, can't deploy Cloud Functions"}}
[debug] [2026-05-14T16:47:39.657Z] File /home/josecoprolovespenguins/Projects/CowBnB/functions/src/modules/auth_module/auth_types.ts changed, reloading triggers {"metadata":{"emulator":{"name":"functions"},"message":"File /home/josecoprolovespenguins/Projects/CowBnB/functions/src/modules/auth_module/auth_types.ts changed, reloading triggers"}}
[debug] [2026-05-14T16:47:40.658Z] Validating nodejs source
[debug] [2026-05-14T16:47:41.577Z] > [functions] package.json contents: {
  "name": "cowbnb-functions",
  "private": true,
  "main": "lib/index.js",
  "engines": {
    "node": "20"
  },
  "scripts": {
    "build": "tsc",
    "build:watch": "tsc -w",
    "serve": "npx -y firebase-tools@latest emulators:start --only functions",
    "deploy": "npx -y firebase-tools@latest deploy --only functions"
  },
  "dependencies": {
    "@google-cloud/storage": "^7.19.0",
    "firebase-admin": "^12.7.0",
    "firebase-functions": "^7.2.5",
    "hono": "^4.4.8",
    "uuid": "^14.0.0"
  },
  "devDependencies": {
    "@types/node": "^20.14.10",
    "@types/uuid": "^10.0.0",
    "typescript": "^5.5.4"
  }
}
[error] ⬢  functions: Failed to load function definition from source: FirebaseError: There was an error reading functions/package.json:

 functions/lib/index.js does not exist, can't deploy Cloud Functions {"metadata":{"emulator":{"name":"functions"},"message":"Failed to load function definition from source: FirebaseError: There was an error reading functions/package.json:\n\n functions/lib/index.js does not exist, can't deploy Cloud Functions"}}
[debug] [2026-05-14T16:47:45.620Z] File /home/josecoprolovespenguins/Projects/CowBnB/functions/src/modules/listing_module/listing_types.ts changed, reloading triggers {"metadata":{"emulator":{"name":"functions"},"message":"File /home/josecoprolovespenguins/Projects/CowBnB/functions/src/modules/listing_module/listing_types.ts changed, reloading triggers"}}
[debug] [2026-05-14T16:47:46.621Z] Validating nodejs source
[debug] [2026-05-14T16:47:47.642Z] > [functions] package.json contents: {
  "name": "cowbnb-functions",
  "private": true,
  "main": "lib/index.js",
  "engines": {
    "node": "20"
  },
  "scripts": {
    "build": "tsc",
    "build:watch": "tsc -w",
    "serve": "npx -y firebase-tools@latest emulators:start --only functions",
    "deploy": "npx -y firebase-tools@latest deploy --only functions"
  },
  "dependencies": {
    "@google-cloud/storage": "^7.19.0",
    "firebase-admin": "^12.7.0",
    "firebase-functions": "^7.2.5",
    "hono": "^4.4.8",
    "uuid": "^14.0.0"
  },
  "devDependencies": {
    "@types/node": "^20.14.10",
    "@types/uuid": "^10.0.0",
    "typescript": "^5.5.4"
  }
}
[error] ⬢  functions: Failed to load function definition from source: FirebaseError: There was an error reading functions/package.json:

 functions/lib/index.js does not exist, can't deploy Cloud Functions {"metadata":{"emulator":{"name":"functions"},"message":"Failed to load function definition from source: FirebaseError: There was an error reading functions/package.json:\n\n functions/lib/index.js does not exist, can't deploy Cloud Functions"}}
[debug] [2026-05-14T16:47:51.763Z] File /home/josecoprolovespenguins/Projects/CowBnB/functions/src/modules/auth_module/favorites_routes.ts changed, reloading triggers {"metadata":{"emulator":{"name":"functions"},"message":"File /home/josecoprolovespenguins/Projects/CowBnB/functions/src/modules/auth_module/favorites_routes.ts changed, reloading triggers"}}
[debug] [2026-05-14T16:47:52.764Z] Validating nodejs source
[debug] [2026-05-14T16:47:53.518Z] > [functions] package.json contents: {
  "name": "cowbnb-functions",
  "private": true,
  "main": "lib/index.js",
  "engines": {
    "node": "20"
  },
  "scripts": {
    "build": "tsc",
    "build:watch": "tsc -w",
    "serve": "npx -y firebase-tools@latest emulators:start --only functions",
    "deploy": "npx -y firebase-tools@latest deploy --only functions"
  },
  "dependencies": {
    "@google-cloud/storage": "^7.19.0",
    "firebase-admin": "^12.7.0",
    "firebase-functions": "^7.2.5",
    "hono": "^4.4.8",
    "uuid": "^14.0.0"
  },
  "devDependencies": {
    "@types/node": "^20.14.10",
    "@types/uuid": "^10.0.0",
    "typescript": "^5.5.4"
  }
}
[error] ⬢  functions: Failed to load function definition from source: FirebaseError: There was an error reading functions/package.json:

 functions/lib/index.js does not exist, can't deploy Cloud Functions {"metadata":{"emulator":{"name":"functions"},"message":"Failed to load function definition from source: FirebaseError: There was an error reading functions/package.json:\n\n functions/lib/index.js does not exist, can't deploy Cloud Functions"}}
[debug] [2026-05-14T16:47:55.877Z] File /home/josecoprolovespenguins/Projects/CowBnB/functions/src/modules/listing_module/listing_repository.ts changed, reloading triggers {"metadata":{"emulator":{"name":"functions"},"message":"File /home/josecoprolovespenguins/Projects/CowBnB/functions/src/modules/listing_module/listing_repository.ts changed, reloading triggers"}}
[debug] [2026-05-14T16:47:56.879Z] Validating nodejs source
[debug] [2026-05-14T16:47:57.786Z] > [functions] package.json contents: {
  "name": "cowbnb-functions",
  "private": true,
  "main": "lib/index.js",
  "engines": {
    "node": "20"
  },
  "scripts": {
    "build": "tsc",
    "build:watch": "tsc -w",
    "serve": "npx -y firebase-tools@latest emulators:start --only functions",
    "deploy": "npx -y firebase-tools@latest deploy --only functions"
  },
  "dependencies": {
    "@google-cloud/storage": "^7.19.0",
    "firebase-admin": "^12.7.0",
    "firebase-functions": "^7.2.5",
    "hono": "^4.4.8",
    "uuid": "^14.0.0"
  },
  "devDependencies": {
    "@types/node": "^20.14.10",
    "@types/uuid": "^10.0.0",
    "typescript": "^5.5.4"
  }
}
[error] ⬢  functions: Failed to load function definition from source: FirebaseError: There was an error reading functions/package.json:

 functions/lib/index.js does not exist, can't deploy Cloud Functions {"metadata":{"emulator":{"name":"functions"},"message":"Failed to load function definition from source: FirebaseError: There was an error reading functions/package.json:\n\n functions/lib/index.js does not exist, can't deploy Cloud Functions"}}
[debug] [2026-05-14T16:48:05.448Z] File /home/josecoprolovespenguins/Projects/CowBnB/functions/src/modules/listing_module/listing_service.ts changed, reloading triggers {"metadata":{"emulator":{"name":"functions"},"message":"File /home/josecoprolovespenguins/Projects/CowBnB/functions/src/modules/listing_module/listing_service.ts changed, reloading triggers"}}
[debug] [2026-05-14T16:48:06.449Z] Validating nodejs source
[debug] [2026-05-14T16:48:07.386Z] > [functions] package.json contents: {
  "name": "cowbnb-functions",
  "private": true,
  "main": "lib/index.js",
  "engines": {
    "node": "20"
  },
  "scripts": {
    "build": "tsc",
    "build:watch": "tsc -w",
    "serve": "npx -y firebase-tools@latest emulators:start --only functions",
    "deploy": "npx -y firebase-tools@latest deploy --only functions"
  },
  "dependencies": {
    "@google-cloud/storage": "^7.19.0",
    "firebase-admin": "^12.7.0",
    "firebase-functions": "^7.2.5",
    "hono": "^4.4.8",
    "uuid": "^14.0.0"
  },
  "devDependencies": {
    "@types/node": "^20.14.10",
    "@types/uuid": "^10.0.0",
    "typescript": "^5.5.4"
  }
}
[error] ⬢  functions: Failed to load function definition from source: FirebaseError: There was an error reading functions/package.json:

 functions/lib/index.js does not exist, can't deploy Cloud Functions {"metadata":{"emulator":{"name":"functions"},"message":"Failed to load function definition from source: FirebaseError: There was an error reading functions/package.json:\n\n functions/lib/index.js does not exist, can't deploy Cloud Functions"}}
[debug] [2026-05-14T16:48:09.274Z] File /home/josecoprolovespenguins/Projects/CowBnB/functions/src/modules/listing_module/listing_service.ts changed, reloading triggers {"metadata":{"emulator":{"name":"functions"},"message":"File /home/josecoprolovespenguins/Projects/CowBnB/functions/src/modules/listing_module/listing_service.ts changed, reloading triggers"}}
[debug] [2026-05-14T16:48:10.275Z] Validating nodejs source
[debug] [2026-05-14T16:48:11.118Z] > [functions] package.json contents: {
  "name": "cowbnb-functions",
  "private": true,
  "main": "lib/index.js",
  "engines": {
    "node": "20"
  },
  "scripts": {
    "build": "tsc",
    "build:watch": "tsc -w",
    "serve": "npx -y firebase-tools@latest emulators:start --only functions",
    "deploy": "npx -y firebase-tools@latest deploy --only functions"
  },
  "dependencies": {
    "@google-cloud/storage": "^7.19.0",
    "firebase-admin": "^12.7.0",
    "firebase-functions": "^7.2.5",
    "hono": "^4.4.8",
    "uuid": "^14.0.0"
  },
  "devDependencies": {
    "@types/node": "^20.14.10",
    "@types/uuid": "^10.0.0",
    "typescript": "^5.5.4"
  }
}
[error] ⬢  functions: Failed to load function definition from source: FirebaseError: There was an error reading functions/package.json:

 functions/lib/index.js does not exist, can't deploy Cloud Functions {"metadata":{"emulator":{"name":"functions"},"message":"Failed to load function definition from source: FirebaseError: There was an error reading functions/package.json:\n\n functions/lib/index.js does not exist, can't deploy Cloud Functions"}}
[debug] [2026-05-14T16:48:16.123Z] File /home/josecoprolovespenguins/Projects/CowBnB/functions/src/modules/listing_module/listing_service.ts changed, reloading triggers {"metadata":{"emulator":{"name":"functions"},"message":"File /home/josecoprolovespenguins/Projects/CowBnB/functions/src/modules/listing_module/listing_service.ts changed, reloading triggers"}}
[debug] [2026-05-14T16:48:17.124Z] Validating nodejs source
[debug] [2026-05-14T16:48:17.980Z] > [functions] package.json contents: {
  "name": "cowbnb-functions",
  "private": true,
  "main": "lib/index.js",
  "engines": {
    "node": "20"
  },
  "scripts": {
    "build": "tsc",
    "build:watch": "tsc -w",
    "serve": "npx -y firebase-tools@latest emulators:start --only functions",
    "deploy": "npx -y firebase-tools@latest deploy --only functions"
  },
  "dependencies": {
    "@google-cloud/storage": "^7.19.0",
    "firebase-admin": "^12.7.0",
    "firebase-functions": "^7.2.5",
    "hono": "^4.4.8",
    "uuid": "^14.0.0"
  },
  "devDependencies": {
    "@types/node": "^20.14.10",
    "@types/uuid": "^10.0.0",
    "typescript": "^5.5.4"
  }
}
[error] ⬢  functions: Failed to load function definition from source: FirebaseError: There was an error reading functions/package.json:

 functions/lib/index.js does not exist, can't deploy Cloud Functions {"metadata":{"emulator":{"name":"functions"},"message":"Failed to load function definition from source: FirebaseError: There was an error reading functions/package.json:\n\n functions/lib/index.js does not exist, can't deploy Cloud Functions"}}
[debug] [2026-05-14T16:48:23.207Z] File /home/josecoprolovespenguins/Projects/CowBnB/functions/src/modules/listing_module/listing_service.ts changed, reloading triggers {"metadata":{"emulator":{"name":"functions"},"message":"File /home/josecoprolovespenguins/Projects/CowBnB/functions/src/modules/listing_module/listing_service.ts changed, reloading triggers"}}
[debug] [2026-05-14T16:48:24.208Z] Validating nodejs source
[debug] [2026-05-14T16:48:25.143Z] > [functions] package.json contents: {
  "name": "cowbnb-functions",
  "private": true,
  "main": "lib/index.js",
  "engines": {
    "node": "20"
  },
  "scripts": {
    "build": "tsc",
    "build:watch": "tsc -w",
    "serve": "npx -y firebase-tools@latest emulators:start --only functions",
    "deploy": "npx -y firebase-tools@latest deploy --only functions"
  },
  "dependencies": {
    "@google-cloud/storage": "^7.19.0",
    "firebase-admin": "^12.7.0",
    "firebase-functions": "^7.2.5",
    "hono": "^4.4.8",
    "uuid": "^14.0.0"
  },
  "devDependencies": {
    "@types/node": "^20.14.10",
    "@types/uuid": "^10.0.0",
    "typescript": "^5.5.4"
  }
}
[error] ⬢  functions: Failed to load function definition from source: FirebaseError: There was an error reading functions/package.json:

 functions/lib/index.js does not exist, can't deploy Cloud Functions {"metadata":{"emulator":{"name":"functions"},"message":"Failed to load function definition from source: FirebaseError: There was an error reading functions/package.json:\n\n functions/lib/index.js does not exist, can't deploy Cloud Functions"}}
[debug] [2026-05-14T16:48:31.772Z] File /home/josecoprolovespenguins/Projects/CowBnB/functions/src/modules/listing_module/listing_service.ts changed, reloading triggers {"metadata":{"emulator":{"name":"functions"},"message":"File /home/josecoprolovespenguins/Projects/CowBnB/functions/src/modules/listing_module/listing_service.ts changed, reloading triggers"}}
[debug] [2026-05-14T16:48:32.773Z] Validating nodejs source
[debug] [2026-05-14T16:48:33.669Z] > [functions] package.json contents: {
  "name": "cowbnb-functions",
  "private": true,
  "main": "lib/index.js",
  "engines": {
    "node": "20"
  },
  "scripts": {
    "build": "tsc",
    "build:watch": "tsc -w",
    "serve": "npx -y firebase-tools@latest emulators:start --only functions",
    "deploy": "npx -y firebase-tools@latest deploy --only functions"
  },
  "dependencies": {
    "@google-cloud/storage": "^7.19.0",
    "firebase-admin": "^12.7.0",
    "firebase-functions": "^7.2.5",
    "hono": "^4.4.8",
    "uuid": "^14.0.0"
  },
  "devDependencies": {
    "@types/node": "^20.14.10",
    "@types/uuid": "^10.0.0",
    "typescript": "^5.5.4"
  }
}
[error] ⬢  functions: Failed to load function definition from source: FirebaseError: There was an error reading functions/package.json:

 functions/lib/index.js does not exist, can't deploy Cloud Functions {"metadata":{"emulator":{"name":"functions"},"message":"Failed to load function definition from source: FirebaseError: There was an error reading functions/package.json:\n\n functions/lib/index.js does not exist, can't deploy Cloud Functions"}}
[debug] [2026-05-14T16:48:35.974Z] File /home/josecoprolovespenguins/Projects/CowBnB/functions/src/modules/listing_module/listing_service.ts changed, reloading triggers {"metadata":{"emulator":{"name":"functions"},"message":"File /home/josecoprolovespenguins/Projects/CowBnB/functions/src/modules/listing_module/listing_service.ts changed, reloading triggers"}}
[debug] [2026-05-14T16:48:36.974Z] Validating nodejs source
[debug] [2026-05-14T16:48:38.044Z] > [functions] package.json contents: {
  "name": "cowbnb-functions",
  "private": true,
  "main": "lib/index.js",
  "engines": {
    "node": "20"
  },
  "scripts": {
    "build": "tsc",
    "build:watch": "tsc -w",
    "serve": "npx -y firebase-tools@latest emulators:start --only functions",
    "deploy": "npx -y firebase-tools@latest deploy --only functions"
  },
  "dependencies": {
    "@google-cloud/storage": "^7.19.0",
    "firebase-admin": "^12.7.0",
    "firebase-functions": "^7.2.5",
    "hono": "^4.4.8",
    "uuid": "^14.0.0"
  },
  "devDependencies": {
    "@types/node": "^20.14.10",
    "@types/uuid": "^10.0.0",
    "typescript": "^5.5.4"
  }
}
[error] ⬢  functions: Failed to load function definition from source: FirebaseError: There was an error reading functions/package.json:

 functions/lib/index.js does not exist, can't deploy Cloud Functions {"metadata":{"emulator":{"name":"functions"},"message":"Failed to load function definition from source: FirebaseError: There was an error reading functions/package.json:\n\n functions/lib/index.js does not exist, can't deploy Cloud Functions"}}
[debug] [2026-05-14T16:48:39.901Z] File /home/josecoprolovespenguins/Projects/CowBnB/functions/src/modules/listing_module/listing_routes.ts changed, reloading triggers {"metadata":{"emulator":{"name":"functions"},"message":"File /home/josecoprolovespenguins/Projects/CowBnB/functions/src/modules/listing_module/listing_routes.ts changed, reloading triggers"}}
[debug] [2026-05-14T16:48:40.902Z] Validating nodejs source
[debug] [2026-05-14T16:48:41.769Z] > [functions] package.json contents: {
  "name": "cowbnb-functions",
  "private": true,
  "main": "lib/index.js",
  "engines": {
    "node": "20"
  },
  "scripts": {
    "build": "tsc",
    "build:watch": "tsc -w",
    "serve": "npx -y firebase-tools@latest emulators:start --only functions",
    "deploy": "npx -y firebase-tools@latest deploy --only functions"
  },
  "dependencies": {
    "@google-cloud/storage": "^7.19.0",
    "firebase-admin": "^12.7.0",
    "firebase-functions": "^7.2.5",
    "hono": "^4.4.8",
    "uuid": "^14.0.0"
  },
  "devDependencies": {
    "@types/node": "^20.14.10",
    "@types/uuid": "^10.0.0",
    "typescript": "^5.5.4"
  }
}
[error] ⬢  functions: Failed to load function definition from source: FirebaseError: There was an error reading functions/package.json:

 functions/lib/index.js does not exist, can't deploy Cloud Functions {"metadata":{"emulator":{"name":"functions"},"message":"Failed to load function definition from source: FirebaseError: There was an error reading functions/package.json:\n\n functions/lib/index.js does not exist, can't deploy Cloud Functions"}}
[debug] [2026-05-14T17:15:58.936Z] File /home/josecoprolovespenguins/Projects/CowBnB/functions/src/app.ts changed, reloading triggers {"metadata":{"emulator":{"name":"functions"},"message":"File /home/josecoprolovespenguins/Projects/CowBnB/functions/src/app.ts changed, reloading triggers"}}
[debug] [2026-05-14T17:15:59.953Z] Validating nodejs source
[debug] [2026-05-14T17:16:01.272Z] > [functions] package.json contents: {
  "name": "cowbnb-functions",
  "private": true,
  "main": "lib/index.js",
  "engines": {
    "node": "20"
  },
  "scripts": {
    "build": "tsc",
    "build:watch": "tsc -w",
    "serve": "npx -y firebase-tools@latest emulators:start --only functions",
    "deploy": "npx -y firebase-tools@latest deploy --only functions"
  },
  "dependencies": {
    "@google-cloud/storage": "^7.19.0",
    "firebase-admin": "^12.7.0",
    "firebase-functions": "^7.2.5",
    "hono": "^4.4.8",
    "uuid": "^14.0.0"
  },
  "devDependencies": {
    "@types/node": "^20.14.10",
    "@types/uuid": "^10.0.0",
    "typescript": "^5.5.4"
  }
}
[error] ⬢  functions: Failed to load function definition from source: FirebaseError: There was an error reading functions/package.json:

 functions/lib/index.js does not exist, can't deploy Cloud Functions {"metadata":{"emulator":{"name":"functions"},"message":"Failed to load function definition from source: FirebaseError: There was an error reading functions/package.json:\n\n functions/lib/index.js does not exist, can't deploy Cloud Functions"}}
[debug] [2026-05-14T17:16:02.138Z] File /home/josecoprolovespenguins/Projects/CowBnB/functions/src/app.ts changed, reloading triggers {"metadata":{"emulator":{"name":"functions"},"message":"File /home/josecoprolovespenguins/Projects/CowBnB/functions/src/app.ts changed, reloading triggers"}}
[debug] [2026-05-14T17:16:03.139Z] Validating nodejs source
[debug] [2026-05-14T17:16:04.114Z] > [functions] package.json contents: {
  "name": "cowbnb-functions",
  "private": true,
  "main": "lib/index.js",
  "engines": {
    "node": "20"
  },
  "scripts": {
    "build": "tsc",
    "build:watch": "tsc -w",
    "serve": "npx -y firebase-tools@latest emulators:start --only functions",
    "deploy": "npx -y firebase-tools@latest deploy --only functions"
  },
  "dependencies": {
    "@google-cloud/storage": "^7.19.0",
    "firebase-admin": "^12.7.0",
    "firebase-functions": "^7.2.5",
    "hono": "^4.4.8",
    "uuid": "^14.0.0"
  },
  "devDependencies": {
    "@types/node": "^20.14.10",
    "@types/uuid": "^10.0.0",
    "typescript": "^5.5.4"
  }
}
[error] ⬢  functions: Failed to load function definition from source: FirebaseError: There was an error reading functions/package.json:

 functions/lib/index.js does not exist, can't deploy Cloud Functions {"metadata":{"emulator":{"name":"functions"},"message":"Failed to load function definition from source: FirebaseError: There was an error reading functions/package.json:\n\n functions/lib/index.js does not exist, can't deploy Cloud Functions"}}
[debug] [2026-05-14T17:24:11.096Z] File /home/josecoprolovespenguins/Projects/CowBnB/functions/package-lock.json changed, reloading triggers {"metadata":{"emulator":{"name":"functions"},"message":"File /home/josecoprolovespenguins/Projects/CowBnB/functions/package-lock.json changed, reloading triggers"}}
[debug] [2026-05-14T17:24:12.103Z] Validating nodejs source
[debug] [2026-05-14T17:24:13.182Z] > [functions] package.json contents: {
  "name": "cowbnb-functions",
  "private": true,
  "main": "lib/index.js",
  "engines": {
    "node": "20"
  },
  "scripts": {
    "build": "tsc",
    "build:watch": "tsc -w",
    "serve": "npx -y firebase-tools@latest emulators:start --only functions",
    "deploy": "npx -y firebase-tools@latest deploy --only functions"
  },
  "dependencies": {
    "@google-cloud/storage": "^7.19.0",
    "firebase-admin": "^12.7.0",
    "firebase-functions": "^7.2.5",
    "hono": "^4.4.8",
    "uuid": "^14.0.0"
  },
  "devDependencies": {
    "@types/node": "^20.14.10",
    "@types/uuid": "^10.0.0",
    "typescript": "^5.5.4"
  }
}
[error] ⬢  functions: Failed to load function definition from source: FirebaseError: There was an error reading functions/package.json:

 functions/lib/index.js does not exist, can't deploy Cloud Functions {"metadata":{"emulator":{"name":"functions"},"message":"Failed to load function definition from source: FirebaseError: There was an error reading functions/package.json:\n\n functions/lib/index.js does not exist, can't deploy Cloud Functions"}}
[debug] [2026-05-14T17:24:47.230Z] File /home/josecoprolovespenguins/Projects/CowBnB/functions/package-lock.json changed, reloading triggers {"metadata":{"emulator":{"name":"functions"},"message":"File /home/josecoprolovespenguins/Projects/CowBnB/functions/package-lock.json changed, reloading triggers"}}
[debug] [2026-05-14T17:24:48.231Z] Validating nodejs source
[debug] [2026-05-14T17:24:49.165Z] > [functions] package.json contents: {
  "name": "cowbnb-functions",
  "private": true,
  "main": "lib/index.js",
  "engines": {
    "node": "20"
  },
  "scripts": {
    "build": "tsc",
    "build:watch": "tsc -w",
    "serve": "npx -y firebase-tools@latest emulators:start --only functions",
    "deploy": "npx -y firebase-tools@latest deploy --only functions"
  },
  "dependencies": {
    "@google-cloud/storage": "^7.19.0",
    "firebase-admin": "^12.7.0",
    "firebase-functions": "^7.2.5",
    "hono": "^4.4.8",
    "uuid": "^14.0.0"
  },
  "devDependencies": {
    "@types/node": "^20.14.10",
    "@types/uuid": "^10.0.0",
    "typescript": "^5.5.4"
  }
}
[error] ⬢  functions: Failed to load function definition from source: FirebaseError: There was an error reading functions/package.json:

 functions/lib/index.js does not exist, can't deploy Cloud Functions {"metadata":{"emulator":{"name":"functions"},"message":"Failed to load function definition from source: FirebaseError: There was an error reading functions/package.json:\n\n functions/lib/index.js does not exist, can't deploy Cloud Functions"}}
